This is pdfTeX, Version 3.141592653-2.6-1.40.24 (MiKTeX 22.10) (preloaded format=pdflatex 2022.11.3)  24 NOV 2024 19:44
entering extended mode
 \write18 enabled.
 %&-line parsing enabled.
**./app2.tex
(app2.tex
LaTeX2e <2022-06-01> patch level 5
L3 programming layer <2022-09-28> (D:\MiKTeX\tex/latex/base\article.cls
Document Class: article 2021/10/04 v1.4n Standard LaTeX document class
(D:\MiKTeX\tex/latex/base\size10.clo
File: size10.clo 2021/10/04 v1.4n Standard LaTeX file (size option)
)
\c@part=\count185
\c@section=\count186
\c@subsection=\count187
\c@subsubsection=\count188
\c@paragraph=\count189
\c@subparagraph=\count190
\c@figure=\count191
\c@table=\count192
\abovecaptionskip=\skip47
\belowcaptionskip=\skip48
\bibindent=\dimen138
)
(D:\MiKTeX\tex/latex/geometry\geometry.sty
Package: geometry 2020/01/02 v5.9 Page Geometry

(D:\MiKTeX\tex/latex/graphics\keyval.sty
Package: keyval 2022/05/29 v1.15 key=value parser (DPC)
\KV@toks@=\toks16
)
(D:\MiKTeX\tex/generic/iftex\ifvtex.sty
Package: ifvtex 2019/10/25 v1.7 ifvtex legacy package. Use iftex instead.
 (D:\MiKTeX\tex/generic/iftex\iftex.sty
Package: iftex 2022/02/03 v1.0f TeX engine tests
))
\Gm@cnth=\count193
\Gm@cntv=\count194
\c@Gm@tempcnt=\count195
\Gm@bindingoffset=\dimen139
\Gm@wd@mp=\dimen140
\Gm@odd@mp=\dimen141
\Gm@even@mp=\dimen142
\Gm@layoutwidth=\dimen143
\Gm@layoutheight=\dimen144
\Gm@layouthoffset=\dimen145
\Gm@layoutvoffset=\dimen146
\Gm@dimlist=\toks17
 (D:\MiKTeX\tex/latex/geometry\geometry.cfg))
(D:\MiKTeX\tex/latex/base\inputenc.sty
Package: inputenc 2021/02/14 v1.3d Input encoding file
\inpenc@prehook=\toks18
\inpenc@posthook=\toks19
 (D:\MiKTeX\tex/latex/cyrillic\cp1251.def
File: cp1251.def 2022/06/11 v1.0e Input encoding file
)) (D:\MiKTeX\tex/generic/babel\babel.sty
Package: babel 2022/10/04 3.81 The Babel package
\babel@savecnt=\count196
\U@D=\dimen147
\l@unhyphenated=\language79

(D:\MiKTeX\tex/generic/babel\txtbabel.def)
\bbl@readstream=\read2
\bbl@dirlevel=\count197

*************************************
* Local config file bblopts.cfg used
*
(D:\MiKTeX\tex/latex/arabi\bblopts.cfg
File: bblopts.cfg 2005/09/08 v0.1 add Arabic and Farsi to "declared" options of
 babel
)
(D:\MiKTeX\tex/latex/babel-english\english.ldf
Language: english 2017/06/06 v3.3r English support from the babel system
Package babel Info: Hyphen rules for 'canadian' set to \l@english
(babel)             (\language0). Reported on input line 102.
Package babel Info: Hyphen rules for 'australian' set to \l@ukenglish
(babel)             (\language73). Reported on input line 105.
Package babel Info: Hyphen rules for 'newzealand' set to \l@ukenglish
(babel)             (\language73). Reported on input line 108.
))
(D:\MiKTeX\tex/generic/babel/locale/en\babel-english.tex
Package babel Info: Importing font and identification data for english
(babel)             from babel-en.ini. Reported on input line 11.
)
(D:\MiKTeX\tex/latex/amsmath\amsmath.sty
Package: amsmath 2022/04/08 v2.17n AMS math features
\@mathmargin=\skip49

For additional information on amsmath, use the `?' option.
(D:\MiKTeX\tex/latex/amsmath\amstext.sty
Package: amstext 2021/08/26 v2.01 AMS text

(D:\MiKTeX\tex/latex/amsmath\amsgen.sty
File: amsgen.sty 1999/11/30 v2.0 generic functions
\@emptytoks=\toks20
\ex@=\dimen148
))
(D:\MiKTeX\tex/latex/amsmath\amsbsy.sty
Package: amsbsy 1999/11/29 v1.2d Bold Symbols
\pmbraise@=\dimen149
)
(D:\MiKTeX\tex/latex/amsmath\amsopn.sty
Package: amsopn 2022/04/08 v2.04 operator names
)
\inf@bad=\count198
LaTeX Info: Redefining \frac on input line 234.
\uproot@=\count199
\leftroot@=\count266
LaTeX Info: Redefining \overline on input line 399.
LaTeX Info: Redefining \colon on input line 410.
\classnum@=\count267
\DOTSCASE@=\count268
LaTeX Info: Redefining \ldots on input line 496.
LaTeX Info: Redefining \dots on input line 499.
LaTeX Info: Redefining \cdots on input line 620.
\Mathstrutbox@=\box51
\strutbox@=\box52
LaTeX Info: Redefining \big on input line 722.
LaTeX Info: Redefining \Big on input line 723.
LaTeX Info: Redefining \bigg on input line 724.
LaTeX Info: Redefining \Bigg on input line 725.
\big@size=\dimen150
LaTeX Font Info:    Redeclaring font encoding OML on input line 743.
LaTeX Font Info:    Redeclaring font encoding OMS on input line 744.
\macc@depth=\count269
LaTeX Info: Redefining \bmod on input line 905.
LaTeX Info: Redefining \pmod on input line 910.
LaTeX Info: Redefining \smash on input line 940.
LaTeX Info: Redefining \relbar on input line 970.
LaTeX Info: Redefining \Relbar on input line 971.
\c@MaxMatrixCols=\count270
\dotsspace@=\muskip16
\c@parentequation=\count271
\dspbrk@lvl=\count272
\tag@help=\toks21
\row@=\count273
\column@=\count274
\maxfields@=\count275
\andhelp@=\toks22
\eqnshift@=\dimen151
\alignsep@=\dimen152
\tagshift@=\dimen153
\tagwidth@=\dimen154
\totwidth@=\dimen155
\lineht@=\dimen156
\@envbody=\toks23
\multlinegap=\skip50
\multlinetaggap=\skip51
\mathdisplay@stack=\toks24
LaTeX Info: Redefining \[ on input line 2953.
LaTeX Info: Redefining \] on input line 2954.
) (D:\MiKTeX\tex/latex/float\float.sty
Package: float 2001/11/08 v1.3d Float enhancements (AL)
\c@float@type=\count276
\float@exts=\toks25
\float@box=\box53
\@float@everytoks=\toks26
\@floatcapt=\box54
) (D:\MiKTeX\tex/latex/graphics\graphicx.sty
Package: graphicx 2021/09/16 v1.2d Enhanced LaTeX Graphics (DPC,SPQR)

(D:\MiKTeX\tex/latex/graphics\graphics.sty
Package: graphics 2022/03/10 v1.4e Standard LaTeX Graphics (DPC,SPQR)

(D:\MiKTeX\tex/latex/graphics\trig.sty
Package: trig 2021/08/11 v1.11 sin cos tan (DPC)
)
(D:\MiKTeX\tex/latex/graphics-cfg\graphics.cfg
File: graphics.cfg 2016/06/04 v1.11 sample graphics configuration
)
Package graphics Info: Driver file: pdftex.def on input line 107.

(D:\MiKTeX\tex/latex/graphics-def\pdftex.def
File: pdftex.def 2022/09/22 v1.2b Graphics/color driver for pdftex
\stockwidth=\dimen157
\stockheight=\dimen158
))
\Gin@req@height=\dimen159
\Gin@req@width=\dimen160
)
(D:\MiKTeX\tex/latex/l3backend\l3backend-pdftex.def
File: l3backend-pdftex.def 2022-09-28 L3 backend support: PDF output (pdfTeX)
\l__color_backend_stack_int=\count277
\l__pdf_internal_box=\box55
) (app2.aux)
\openout1 = `app2.aux'.

LaTeX Font Info:    Checking defaults for OML/cmm/m/it on input line 10.
LaTeX Font Info:    ... okay on input line 10.
LaTeX Font Info:    Checking defaults for OMS/cmsy/m/n on input line 10.
LaTeX Font Info:    ... okay on input line 10.
LaTeX Font Info:    Checking defaults for OT1/cmr/m/n on input line 10.
LaTeX Font Info:    ... okay on input line 10.
LaTeX Font Info:    Checking defaults for T1/cmr/m/n on input line 10.
LaTeX Font Info:    ... okay on input line 10.
LaTeX Font Info:    Checking defaults for TS1/cmr/m/n on input line 10.
LaTeX Font Info:    ... okay on input line 10.
LaTeX Font Info:    Checking defaults for OMX/cmex/m/n on input line 10.
LaTeX Font Info:    ... okay on input line 10.
LaTeX Font Info:    Checking defaults for U/cmr/m/n on input line 10.
LaTeX Font Info:    ... okay on input line 10.

*geometry* driver: auto-detecting
*geometry* detected driver: pdftex
*geometry* verbose mode - [ preamble ] result:
* driver: pdftex
* paper: a3paper
* layout: <same size as paper>
* layoutoffset:(h,v)=(0.0pt,0.0pt)
* modes: landscape 
* h-part:(L,W,R)=(28.45274pt, 1138.11026pt, 28.45274pt)
* v-part:(T,H,B)=(28.45274pt, 788.14136pt, 28.45274pt)
* \paperwidth=1195.01575pt
* \paperheight=845.04684pt
* \textwidth=1138.11026pt
* \textheight=788.14136pt
* \oddsidemargin=-43.81725pt
* \evensidemargin=-43.81725pt
* \topmargin=-80.81725pt
* \headheight=12.0pt
* \headsep=25.0pt
* \topskip=10.0pt
* \footskip=30.0pt
* \marginparwidth=65.0pt
* \marginparsep=11.0pt
* \columnsep=10.0pt
* \skip\footins=9.0pt plus 4.0pt minus 2.0pt
* \hoffset=0.0pt
* \voffset=0.0pt
* \mag=1000
* \@twocolumnfalse
* \@twosidefalse
* \@mparswitchfalse
* \@reversemarginfalse
* (1in=72.27pt=25.4mm, 1cm=28.453pt)

(D:\MiKTeX\tex/context/base/mkii\supp-pdf.mkii
[Loading MPS to PDF converter (version 2006.09.02).]
\scratchcounter=\count278
\scratchdimen=\dimen161
\scratchbox=\box56
\nofMPsegments=\count279
\nofMParguments=\count280
\everyMPshowfont=\toks27
\MPscratchCnt=\count281
\MPscratchDim=\dimen162
\MPnumerator=\count282
\makeMPintoPDFobject=\count283
\everyMPtoPDFconversion=\toks28
) (D:\MiKTeX\tex/latex/epstopdf-pkg\epstopdf-base.sty
Package: epstopdf-base 2020-01-24 v2.11 Base part for package epstopdf
Package epstopdf-base Info: Redefining graphics rule for `.eps' on input line 4
85.

(D:\MiKTeX\tex/latex/00miktex\epstopdf-sys.cfg
File: epstopdf-sys.cfg 2021/03/18 v2.0 Configuration of epstopdf for MiKTeX
))
Underfull \hbox (badness 2875) in paragraph at lines 27--27
[]\OT1/cmr/m/n/10 VHXLA: A post-earthquake dam-age pre-dic-tion
 []


Underfull \hbox (badness 7099) in paragraph at lines 27--27
[]\OT1/cmr/m/n/10 0.9996 (com-bi-na-tion of
 []


Underfull \hbox (badness 4193) in paragraph at lines 27--27
[]\OT1/cmr/m/n/10 0.945 (com-
 []


Underfull \hbox (badness 10000) in paragraph at lines 27--27
\OT1/cmr/m/n/10 bi-na-tion of
 []


Underfull \hbox (badness 10000) in paragraph at lines 33--33
[]\OT1/cmr/m/n/10 0.736 (DT),
 []


Underfull \hbox (badness 10000) in paragraph at lines 33--33
\OT1/cmr/m/n/10 0.277 (KNN),
 []


Underfull \hbox (badness 10000) in paragraph at lines 33--33
\OT1/cmr/m/n/10 0.166 (Lasso
 []


Underfull \hbox (badness 10000) in paragraph at lines 33--33
\OT1/cmr/m/n/10 re-gres-sion),
 []


Underfull \hbox (badness 10000) in paragraph at lines 33--33
\OT1/cmr/m/n/10 0.153 (Lin-ear
 []


Underfull \hbox (badness 10000) in paragraph at lines 33--33
\OT1/cmr/m/n/10 re-gres-sion),
 []


Underfull \hbox (badness 10000) in paragraph at lines 33--33
\OT1/cmr/m/n/10 0.162 (Ridge
 []


Underfull \hbox (badness 10000) in paragraph at lines 33--33
\OT1/cmr/m/n/10 re-gres-sion),
 []


Underfull \hbox (badness 10000) in paragraph at lines 33--33
\OT1/cmr/m/n/10 (ANN), 0.121
 []


Underfull \hbox (badness 4595) in paragraph at lines 33--33
[]\OT1/cmr/m/n/10 3.284* (DT), 4.896*
 []


Underfull \hbox (badness 10000) in paragraph at lines 33--33
\OT1/cmr/m/n/10 (KNN), 5.873*
 []


Underfull \hbox (badness 10000) in paragraph at lines 33--33
\OT1/cmr/m/n/10 (Lasso), 5.201*
 []


Underfull \hbox (badness 10000) in paragraph at lines 33--33
\OT1/cmr/m/n/10 re-gres-sion), 6.002*
 []


Underfull \hbox (badness 10000) in paragraph at lines 33--33
\OT1/cmr/m/n/10 (Lin-ear re-gres-sion),
 []


Underfull \hbox (badness 3302) in paragraph at lines 33--33
\OT1/cmr/m/n/10 - SMAPE (Sym-met-
 []


Underfull \hbox (badness 10000) in paragraph at lines 33--33
\OT1/cmr/m/n/10 ric Mean Ab-so-lute
 []


Underfull \hbox (badness 3954) in paragraph at lines 33--33
\OT1/cmr/m/n/10 Per-cent-age Er-ror) is
 []


Underfull \hbox (badness 2744) in paragraph at lines 35--35
[]\OT1/cmr/m/n/10 Effective dam-age de-tec-
 []


Underfull \hbox (badness 2351) in paragraph at lines 35--35
\OT1/cmr/m/n/10 tion even with ran-dom
 []


Underfull \hbox (badness 6157) in paragraph at lines 35--35
\OT1/cmr/m/n/10 traf-fic, though sever-ity
 []


Underfull \hbox (badness 1776) in paragraph at lines 35--35
\OT1/cmr/m/n/10 quan-tifi-ca-tion is slightly
 []


Underfull \hbox (badness 2762) in paragraph at lines 35--35
\OT1/cmr/m/n/10 nif-i-cantly as dam-age
 []


Underfull \hbox (badness 10000) in paragraph at lines 37--37
[]\OT1/cmr/m/n/10 0.73 (CNN3), 0.75
 []


Underfull \hbox (badness 10000) in paragraph at lines 37--37
\OT1/cmr/m/n/10 (CNN4), 0.56 (1NN-
 []


Underfull \hbox (badness 10000) in paragraph at lines 39--39
[]\OT1/cmr/m/n/10 0.85749
 []


Underfull \hbox (badness 10000) in paragraph at lines 39--39
\OT1/cmr/m/n/10 (dropout
 []


Underfull \hbox (badness 10000) in paragraph at lines 41--41
[]\OT1/cmr/m/n/10 0.78 - 0.97
 []


Underfull \hbox (badness 10000) in paragraph at lines 41--41
\OT1/cmr/m/n/10 (ANN), 0.76
 []


Underfull \hbox (badness 5119) in paragraph at lines 41--41
\OT1/cmr/m/n/10 - 0.96 (SVR),
 []


Underfull \hbox (badness 10000) in paragraph at lines 41--41
\OT1/cmr/m/n/10 0.72 - 0.95
 []


Underfull \hbox (badness 10000) in paragraph at lines 41--41
\OT1/cmr/m/n/10 (Ridge), 0.76
 []


Underfull \hbox (badness 10000) in paragraph at lines 41--41
\OT1/cmr/m/n/10 - 0.96 (Ad-
 []


Underfull \hbox (badness 1852) in paragraph at lines 41--41
\OT1/cmr/m/n/10 0.35 for Max. ED
 []

[1

{C:/Users/iasta/AppData/Local/MiKTeX/fonts/map/pdftex/pdftex.map}] (app2.aux) )
 
Here is how much of TeX's memory you used:
 3759 strings out of 475385
 58622 string characters out of 2793322
 446115 words of memory out of 3000000
 25124 multiletter control sequences out of 15000+600000
 470328 words of font info for 32 fonts, out of 8000000 for 9000
 1141 hyphenation exceptions out of 8191
 55i,11n,62p,806b,260s stack positions out of 10000i,1000n,20000p,200000b,80000s
<D:/MiKTeX/fonts/type1/public/amsfonts/cm/cmbx10.pfb><D:/MiKTeX/fonts/type1/pub
lic/amsfonts/cm/cmbx12.pfb><D:/MiKTeX/fonts/type1/public/amsfonts/cm/cmmi10.pfb
><D:/MiKTeX/fonts/type1/public/amsfonts/cm/cmr10.pfb><D:/MiKTeX/fonts/type1/pub
lic/amsfonts/cm/cmr7.pfb>
Output written on app2.pdf (1 page, 75572 bytes).
PDF statistics:
 31 PDF objects out of 1000 (max. 8388607)
 0 named destinations out of 1000 (max. 500000)
 1 words of extra memory for PDF output out of 10000 (max. 10000000)

